<?xml version="1.0" encoding="UTF-8"?>
<OfficeApp
          xmlns="http://schemas.microsoft.com/office/appforoffice/1.1"
          xmlns:xsi="http://www.w3.org/2001/XMLSchema-instance"
          xmlns:bt="http://schemas.microsoft.com/office/officeappbasictypes/1.0"
          xmlns:mailappor="http://schemas.microsoft.com/office/mailappversionoverrides/1.0"
          xsi:type="MailApp">

  <!-- Begin Basic Settings: Add-in metadata, used for all versions of Office unless override provided. -->

  <!-- IMPORTANT! Id must be unique for your add-in, if you reuse this manifest ensure that you change this id to a new GUID. -->
  <Id>bf64308e-f761-4baf-9fef-0f72ea006f32</Id>

  <!--Version. Updates from the store only get triggered if there is a version change. -->
  <Version>1.0.0.0</Version>
  <ProviderName>test add in</ProviderName>
  <DefaultLocale>en-US</DefaultLocale>
  <!-- The display name of your add-in. Used on the store and various places of the Office UI such as the add-ins dialog. -->
  <DisplayName DefaultValue="Test addin" />
  <Description DefaultValue="Outlook Add-in description"/>

  <!-- Icon for your add-in. Used on installation screens and the add-ins dialog. -->
  <IconUrl DefaultValue="https://anatusa.github.io/TestCsh/gma-logo64x64.png" />
  <HighResolutionIconUrl DefaultValue="https://anatusa.github.io/TestCsh/gma-logo80x80.png"/>

  <!--If you plan to submit this add-in to the Office Store, uncomment the SupportUrl element below-->
  

  <!-- Domains that will be allowed when navigating. For example, if you use ShowTaskpane and then have an href link, navigation will only be allowed if the domain is on this list. -->
  
  <!--End Basic Settings. -->

  <Hosts>
    <Host Name="Mailbox" />
  </Hosts>
  <Requirements>
    <Sets>
      <Set Name="Mailbox" MinVersion="1.1" />
    </Sets>
  </Requirements>
  <FormSettings>
    <Form xsi:type="ItemRead">
      <DesktopSettings>
        <SourceLocation DefaultValue="https://anatusa.github.io/TestCsh/index.html"/>
        <RequestedHeight>250</RequestedHeight>
      </DesktopSettings>
    </Form>
  </FormSettings>

  <Permissions>ReadWriteItem</Permissions>
  <Rule xsi:type="RuleCollection" Mode="Or">
    <Rule xsi:type="ItemIs" ItemType="Message" FormType="Read" />
  </Rule>
  <DisableEntityHighlighting>false</DisableEntityHighlighting>

  <VersionOverrides xmlns="http://schemas.microsoft.com/office/mailappversionoverrides" xsi:type="VersionOverridesV1_0">
    <Requirements>
      <bt:Sets DefaultMinVersion="1.3">
        <bt:Set Name="Mailbox" />
      </bt:Sets>
    </Requirements>
    <Hosts>
      <Host xsi:type="MailHost">

        <DesktopFormFactor>
          <!-- Location of the Functions that UI-less buttons can trigger (ExecuteFunction Actions). -->
          <FunctionFile resid="functionFile" />

          <!-- Message Read -->
          <ExtensionPoint xsi:type="MessageReadCommandSurface">
            <!-- Use the default tab of the ExtensionPoint or create your own with <CustomTab id="myTab"> -->
            <OfficeTab id="TabDefault">
              <!-- Up to 6 Groups added per Tab -->
              <Group id="msgReadGroup">
                <Label resid="groupLabel" />
                <!-- Launch the add-in : task pane button -->
                <Control xsi:type="Button" id="msgReadFunctionButton">
                  <Label resid="paneReadButtonLabel" />
                  <Supertip>
                    <Title resid="paneReadSuperTipTitle" />
                    <Description resid="paneReadSuperTipDescription" />
                  </Supertip>
                  <Icon>
                    <bt:Image size="16" resid="icon16" />
                    <bt:Image size="32" resid="icon32" />
                    <bt:Image size="80" resid="icon80" />
                  </Icon>
                  <Action xsi:type="ExecuteFunction">
                    <FunctionName>getSubject</FunctionName>
                  </Action>
                </Control>
                <!-- Go to http://aka.ms/ButtonCommands to learn how to add more Controls: ExecuteFunction and Menu -->
              </Group>
            </OfficeTab>
          </ExtensionPoint>
          <!-- Go to http://aka.ms/ExtensionPointsCommands to learn how to add more Extension Points: MessageRead, AppointmentOrganizer, AppointmentAttendee -->
        </DesktopFormFactor>
      </Host>
    </Hosts>

    <Resources>
      <bt:Images>
        <bt:Image id="icon16" DefaultValue="https://anatusa.github.io/TestCsh/gma-logo16x16.pngg"/>
        <bt:Image id="icon32" DefaultValue="https://anatusa.github.io/TestCsh/gma-logo32x32.png"/>
        <bt:Image id="icon80" DefaultValue="https://anatusa.github.io/TestCsh/gma-logo80x80.png"/>
      </bt:Images>
      <bt:Urls>
        <bt:Url id="functionFile" DefaultValue="https://anatusa.github.io/TestCsh/Functions.html"/>        
      </bt:Urls>
      <bt:ShortStrings>
        <bt:String id="groupLabel" DefaultValue="My Add-in Group"/>
        <bt:String id="customTabLabel"  DefaultValue="My Add-in Tab"/>
        <bt:String id="paneReadButtonLabel" DefaultValue="Display all properties"/>
        <bt:String id="paneReadSuperTipTitle" DefaultValue="Test add in"/>
      </bt:ShortStrings>
      <bt:LongStrings>
        <bt:String id="paneReadSuperTipDescription" DefaultValue="Opens a pane displaying all available properties. This is an example of a button that opens a task pane."/>
      </bt:LongStrings>
    </Resources>
  </VersionOverrides>
</OfficeApp>
